<?xml version="1.0" encoding="UTF-8"?>
<!-- Generated by org.testng.reporters.JUnitReportReporter -->
<testsuite hostname="VDQADEV01-DN5OI" name="tests.resources.ParametersProject" tests="3" failures="0" timestamp="28 Jan 2015 20:36:35 GMT" time="17.193" errors="0">
  <testcase name="testToVerifyIfAProjectIsCreated" time="4.873" classname="tests.resources.ParametersProject"/>
  <testcase name="testToVerifyIfAProjectIsCreated" time="7.522" classname="tests.resources.ParametersProject"/>
  <testcase name="testToVerifyIfAProjectIsCreated" time="4.798" classname="tests.resources.ParametersProject"/>
</testsuite> <!-- tests.resources.ParametersProject -->
