<?xml version="1.0" encoding="UTF-8"?>
<!-- Generated by org.testng.reporters.JUnitReportReporter -->
<testsuite hostname="VDQADEV01-DN5OI" name="tests.VerifyIfAProjectIsUpdated" tests="1" failures="0" timestamp="6 Feb 2015 20:24:35 GMT" time="2.468" errors="0">
  <testcase name="testVerifyIfAProjectIsUpdated" time="2.468" classname="tests.VerifyIfAProjectIsUpdated"/>
</testsuite> <!-- tests.VerifyIfAProjectIsUpdated -->
