<?xml version="1.0" encoding="UTF-8"?>
<!-- Generated by org.testng.reporters.JUnitReportReporter -->
<testsuite hostname="VDQADEV01-DN5OI" name="tests.testLogin" tests="1" failures="0" timestamp="26 Jan 2015 22:20:43 GMT" time="11.686" errors="0">
  <testcase name="testToVerifyIfTheDashboardPageIsUploaded" time="11.686" classname="tests.testLogin"/>
</testsuite> <!-- tests.testLogin -->
