<?xml version="1.0" encoding="UTF-8"?>
<!-- Generated by org.testng.reporters.JUnitReportReporter -->
<testsuite hostname="VDQADEV01-DN5OI" name="tests.VerifyIfAProjectIsDeleted" tests="1" failures="0" timestamp="30 Jan 2015 19:25:43 GMT" time="1.383" errors="0">
  <testcase name="testVerifyIfAProjectIsUpdated" time="1.383" classname="tests.VerifyIfAProjectIsDeleted"/>
</testsuite> <!-- tests.VerifyIfAProjectIsDeleted -->
