<?xml version="1.0" encoding="UTF-8"?>
<!-- Generated by org.testng.reporters.JUnitReportReporter -->
<testsuite hostname="VDQADEV01-DN5OI" name="tests.testNewProject" tests="1" failures="0" timestamp="26 Jan 2015 23:49:55 GMT" time="3.670" errors="0">
  <testcase name="testToVerifyIfAProjectIsCreated" time="3.670" classname="tests.testNewProject"/>
</testsuite> <!-- tests.testNewProject -->
