<?xml version="1.0" encoding="UTF-8"?>
<!-- Generated by org.testng.reporters.JUnitReportReporter -->
<testsuite hostname="VDQADEV01-DN5OI" name="tests.VerifyIfProjectsAreCreated" tests="3" failures="0" timestamp="30 Jan 2015 18:02:46 GMT" time="17.439" errors="0">
  <testcase name="testVerifyIfProjectsAreCreated" time="5.228" classname="tests.VerifyIfProjectsAreCreated"/>
  <testcase name="testVerifyIfProjectsAreCreated" time="6.711" classname="tests.VerifyIfProjectsAreCreated"/>
  <testcase name="testVerifyIfProjectsAreCreated" time="5.500" classname="tests.VerifyIfProjectsAreCreated"/>
</testsuite> <!-- tests.VerifyIfProjectsAreCreated -->
