<?xml version="1.0" encoding="UTF-8"?>
<!-- Generated by org.testng.reporters.JUnitReportReporter -->
<testsuite hostname="VDQADEV01-DN5OI" name="tests.VerifyIfAProjectIsDeleted" tests="1" failures="0" timestamp="9 Feb 2015 22:24:21 GMT" time="1.138" errors="0">
  <testcase name="testVerifyIfAProjectIsDeleted" time="1.138" classname="tests.VerifyIfAProjectIsDeleted"/>
</testsuite> <!-- tests.VerifyIfAProjectIsDeleted -->
