<?xml version="1.0" encoding="UTF-8"?>
<!-- Generated by org.testng.reporters.JUnitReportReporter -->
<testsuite hostname="VDQADEV01-DN5OI" name="tests.testNewProject" tests="1" failures="0" timestamp="28 Jan 2015 16:49:53 GMT" time="4.078" errors="0">
  <testcase name="testToVerifyIfAProjectIsCreated" time="4.078" classname="tests.testNewProject"/>
</testsuite> <!-- tests.testNewProject -->
