<?xml version="1.0" encoding="UTF-8"?>
<!-- Generated by org.testng.reporters.JUnitReportReporter -->
<testsuite hostname="VDQADEV01-DN5OI" name="tests.VerifyIfPlayersAreCreated" tests="2" failures="0" timestamp="6 Feb 2015 20:24:35 GMT" time="17.013" errors="0">
  <testcase name="testVerifyIfPlayersAreCreated" time="8.097" classname="tests.VerifyIfPlayersAreCreated"/>
  <testcase name="testVerifyIfPlayersAreCreated" time="8.916" classname="tests.VerifyIfPlayersAreCreated"/>
</testsuite> <!-- tests.VerifyIfPlayersAreCreated -->
