<?xml version="1.0" encoding="UTF-8"?>
<!-- Generated by org.testng.reporters.JUnitReportReporter -->
<testsuite hostname="VDQADEV01-DN5OI" name="tests.testNewProject" tests="1" failures="0" timestamp="27 Jan 2015 16:52:25 GMT" time="4.891" errors="0">
  <testcase name="testToVerifyIfAProjectIsCreated" time="4.891" classname="tests.testNewProject"/>
</testsuite> <!-- tests.testNewProject -->
