<?xml version="1.0" encoding="UTF-8"?>
<!-- Generated by org.testng.reporters.JUnitReportReporter -->
<testsuite hostname="VDQADEV01-DN5OI" name="tests.VerifyIfProjectsAreCreated" tests="3" failures="0" timestamp="6 Feb 2015 20:24:35 GMT" time="25.687" errors="0">
  <testcase name="testVerifyIfProjectsAreCreated" time="8.714" classname="tests.VerifyIfProjectsAreCreated"/>
  <testcase name="testVerifyIfProjectsAreCreated" time="7.142" classname="tests.VerifyIfProjectsAreCreated"/>
  <testcase name="testVerifyIfProjectsAreCreated" time="9.831" classname="tests.VerifyIfProjectsAreCreated"/>
</testsuite> <!-- tests.VerifyIfProjectsAreCreated -->
