<?xml version="1.0" encoding="UTF-8"?>
<!-- Generated by org.testng.reporters.JUnitReportReporter -->
<testsuite hostname="VDQADEV01-DN5OI" name="tests.VerifyIfAProjectIsUpdated" tests="1" failures="0" timestamp="30 Jan 2015 23:23:11 GMT" time="3.434" errors="0">
  <testcase name="testVerifyIfAProjectIsUpdated" time="3.434" classname="tests.VerifyIfAProjectIsUpdated"/>
</testsuite> <!-- tests.VerifyIfAProjectIsUpdated -->
